D:\USERS\JUSTIN\DOCUMENTS\VISUAL STUDIO 2013\PROJECTS\OF_V0.8.2_VS_RELEASE\APPS\MYAPPS\PHYSTHINGTAKEFOUR\OBJ\DEBUG\CIRCLE.OBJ
D:\USERS\JUSTIN\DOCUMENTS\VISUAL STUDIO 2013\PROJECTS\OF_V0.8.2_VS_RELEASE\APPS\MYAPPS\PHYSTHINGTAKEFOUR\OBJ\DEBUG\GUI.OBJ
D:\USERS\JUSTIN\DOCUMENTS\VISUAL STUDIO 2013\PROJECTS\OF_V0.8.2_VS_RELEASE\APPS\MYAPPS\PHYSTHINGTAKEFOUR\OBJ\DEBUG\MAIN.OBJ
D:\USERS\JUSTIN\DOCUMENTS\VISUAL STUDIO 2013\PROJECTS\OF_V0.8.2_VS_RELEASE\APPS\MYAPPS\PHYSTHINGTAKEFOUR\OBJ\DEBUG\PARTICLEMANAGER.OBJ
D:\USERS\JUSTIN\DOCUMENTS\VISUAL STUDIO 2013\PROJECTS\OF_V0.8.2_VS_RELEASE\APPS\MYAPPS\PHYSTHINGTAKEFOUR\OBJ\DEBUG\PHYSOBJECT.OBJ
D:\USERS\JUSTIN\DOCUMENTS\VISUAL STUDIO 2013\PROJECTS\OF_V0.8.2_VS_RELEASE\APPS\MYAPPS\PHYSTHINGTAKEFOUR\OBJ\DEBUG\TESTAPP.OBJ
D:\USERS\JUSTIN\DOCUMENTS\VISUAL STUDIO 2013\PROJECTS\OF_V0.8.2_VS_RELEASE\APPS\MYAPPS\PHYSTHINGTAKEFOUR\OBJ\DEBUG\OFXBASEGUI.OBJ
D:\USERS\JUSTIN\DOCUMENTS\VISUAL STUDIO 2013\PROJECTS\OF_V0.8.2_VS_RELEASE\APPS\MYAPPS\PHYSTHINGTAKEFOUR\OBJ\DEBUG\OFXBUTTON.OBJ
D:\USERS\JUSTIN\DOCUMENTS\VISUAL STUDIO 2013\PROJECTS\OF_V0.8.2_VS_RELEASE\APPS\MYAPPS\PHYSTHINGTAKEFOUR\OBJ\DEBUG\OFXGUIGROUP.OBJ
D:\USERS\JUSTIN\DOCUMENTS\VISUAL STUDIO 2013\PROJECTS\OF_V0.8.2_VS_RELEASE\APPS\MYAPPS\PHYSTHINGTAKEFOUR\OBJ\DEBUG\OFXLABEL.OBJ
D:\USERS\JUSTIN\DOCUMENTS\VISUAL STUDIO 2013\PROJECTS\OF_V0.8.2_VS_RELEASE\APPS\MYAPPS\PHYSTHINGTAKEFOUR\OBJ\DEBUG\OFXPANEL.OBJ
D:\USERS\JUSTIN\DOCUMENTS\VISUAL STUDIO 2013\PROJECTS\OF_V0.8.2_VS_RELEASE\APPS\MYAPPS\PHYSTHINGTAKEFOUR\OBJ\DEBUG\OFXSLIDER.OBJ
D:\USERS\JUSTIN\DOCUMENTS\VISUAL STUDIO 2013\PROJECTS\OF_V0.8.2_VS_RELEASE\APPS\MYAPPS\PHYSTHINGTAKEFOUR\OBJ\DEBUG\OFXSLIDERGROUP.OBJ
D:\USERS\JUSTIN\DOCUMENTS\VISUAL STUDIO 2013\PROJECTS\OF_V0.8.2_VS_RELEASE\APPS\MYAPPS\PHYSTHINGTAKEFOUR\OBJ\DEBUG\OFXTOGGLE.OBJ
D:\USERS\JUSTIN\DOCUMENTS\VISUAL STUDIO 2013\PROJECTS\OF_V0.8.2_VS_RELEASE\APPS\MYAPPS\PHYSTHINGTAKEFOUR\OBJ\DEBUG\VC110.PDB
D:\USERS\JUSTIN\DOCUMENTS\VISUAL STUDIO 2012\OF_V0.8.2_VS_RELEASE\APPS\MYAPPS\PHYSTHINGTAKEFOUR\OBJ\DEBUG\CIRCLE.OBJ
D:\USERS\JUSTIN\DOCUMENTS\VISUAL STUDIO 2012\OF_V0.8.2_VS_RELEASE\APPS\MYAPPS\PHYSTHINGTAKEFOUR\OBJ\DEBUG\GUI.OBJ
D:\USERS\JUSTIN\DOCUMENTS\VISUAL STUDIO 2012\OF_V0.8.2_VS_RELEASE\APPS\MYAPPS\PHYSTHINGTAKEFOUR\OBJ\DEBUG\MAIN.OBJ
D:\USERS\JUSTIN\DOCUMENTS\VISUAL STUDIO 2012\OF_V0.8.2_VS_RELEASE\APPS\MYAPPS\PHYSTHINGTAKEFOUR\OBJ\DEBUG\PARTICLEMANAGER.OBJ
D:\USERS\JUSTIN\DOCUMENTS\VISUAL STUDIO 2012\OF_V0.8.2_VS_RELEASE\APPS\MYAPPS\PHYSTHINGTAKEFOUR\OBJ\DEBUG\PHYSOBJECT.OBJ
D:\USERS\JUSTIN\DOCUMENTS\VISUAL STUDIO 2012\OF_V0.8.2_VS_RELEASE\APPS\MYAPPS\PHYSTHINGTAKEFOUR\OBJ\DEBUG\TESTAPP.OBJ
D:\USERS\JUSTIN\DOCUMENTS\VISUAL STUDIO 2012\OF_V0.8.2_VS_RELEASE\APPS\MYAPPS\PHYSTHINGTAKEFOUR\OBJ\DEBUG\OFXBASEGUI.OBJ
D:\USERS\JUSTIN\DOCUMENTS\VISUAL STUDIO 2012\OF_V0.8.2_VS_RELEASE\APPS\MYAPPS\PHYSTHINGTAKEFOUR\OBJ\DEBUG\OFXBUTTON.OBJ
D:\USERS\JUSTIN\DOCUMENTS\VISUAL STUDIO 2012\OF_V0.8.2_VS_RELEASE\APPS\MYAPPS\PHYSTHINGTAKEFOUR\OBJ\DEBUG\OFXGUIGROUP.OBJ
D:\USERS\JUSTIN\DOCUMENTS\VISUAL STUDIO 2012\OF_V0.8.2_VS_RELEASE\APPS\MYAPPS\PHYSTHINGTAKEFOUR\OBJ\DEBUG\OFXLABEL.OBJ
D:\USERS\JUSTIN\DOCUMENTS\VISUAL STUDIO 2012\OF_V0.8.2_VS_RELEASE\APPS\MYAPPS\PHYSTHINGTAKEFOUR\OBJ\DEBUG\OFXPANEL.OBJ
D:\USERS\JUSTIN\DOCUMENTS\VISUAL STUDIO 2012\OF_V0.8.2_VS_RELEASE\APPS\MYAPPS\PHYSTHINGTAKEFOUR\OBJ\DEBUG\OFXSLIDER.OBJ
D:\USERS\JUSTIN\DOCUMENTS\VISUAL STUDIO 2012\OF_V0.8.2_VS_RELEASE\APPS\MYAPPS\PHYSTHINGTAKEFOUR\OBJ\DEBUG\OFXSLIDERGROUP.OBJ
D:\USERS\JUSTIN\DOCUMENTS\VISUAL STUDIO 2012\OF_V0.8.2_VS_RELEASE\APPS\MYAPPS\PHYSTHINGTAKEFOUR\OBJ\DEBUG\OFXTOGGLE.OBJ
D:\USERS\JUSTIN\DOCUMENTS\VISUAL STUDIO 2012\OF_V0.8.2_VS_RELEASE\APPS\MYAPPS\PHYSTHINGTAKEFOUR\OBJ\DEBUG\VC110.PDB
D:\USERS\JUSTIN\DOCUMENTS\VISUAL STUDIO 2013\PROJECTS\OF_V0.8.2_VS_RELEASE\APPS\MYAPPS\PHYSTHINGTAKEFOUR\BIN\PHYSTHINGTAKEFOUR_DEBUG.ILK
D:\USERS\JUSTIN\DOCUMENTS\VISUAL STUDIO 2013\PROJECTS\OF_V0.8.2_VS_RELEASE\APPS\MYAPPS\PHYSTHINGTAKEFOUR\BIN\PHYSTHINGTAKEFOUR_DEBUG.EXE
D:\USERS\JUSTIN\DOCUMENTS\VISUAL STUDIO 2013\PROJECTS\OF_V0.8.2_VS_RELEASE\APPS\MYAPPS\PHYSTHINGTAKEFOUR\BIN\PHYSTHINGTAKEFOUR_DEBUG.PDB
D:\USERS\JUSTIN\DOCUMENTS\VISUAL STUDIO 2012\OF_V0.8.2_VS_RELEASE\APPS\MYAPPS\PHYSTHINGTAKEFOUR\BIN\PHYSTHINGTAKEFOUR_DEBUG.ILK
D:\USERS\JUSTIN\DOCUMENTS\VISUAL STUDIO 2012\OF_V0.8.2_VS_RELEASE\APPS\MYAPPS\PHYSTHINGTAKEFOUR\BIN\PHYSTHINGTAKEFOUR_DEBUG.EXE
D:\USERS\JUSTIN\DOCUMENTS\VISUAL STUDIO 2012\OF_V0.8.2_VS_RELEASE\APPS\MYAPPS\PHYSTHINGTAKEFOUR\BIN\PHYSTHINGTAKEFOUR_DEBUG.PDB
D:\Users\Justin\Documents\Visual Studio 2013\Projects\of_v0.8.2_vs_release\apps\myApps\PhysThingTakeFour\bin\PhysThingTakeFour_debug.lib
D:\Users\Justin\Documents\Visual Studio 2013\Projects\of_v0.8.2_vs_release\apps\myApps\PhysThingTakeFour\bin\PhysThingTakeFour_debug.exp
D:\Users\Justin\Documents\Visual Studio 2012\of_v0.8.2_vs_release\apps\myApps\PhysThingTakeFour\bin\PhysThingTakeFour_debug.lib
D:\Users\Justin\Documents\Visual Studio 2012\of_v0.8.2_vs_release\apps\myApps\PhysThingTakeFour\bin\PhysThingTakeFour_debug.exp
D:\USERS\JUSTIN\DOCUMENTS\VISUAL STUDIO 2013\PROJECTS\OF_V0.8.2_VS_RELEASE\APPS\MYAPPS\PHYSTHINGTAKEFOUR\OBJ\DEBUG\ICON.RES
D:\USERS\JUSTIN\DOCUMENTS\VISUAL STUDIO 2012\OF_V0.8.2_VS_RELEASE\APPS\MYAPPS\PHYSTHINGTAKEFOUR\OBJ\DEBUG\ICON.RES
D:\Users\Justin\Documents\Visual Studio 2012\of_v0.8.2_vs_release\apps\myApps\PhysThingTakeFour\obj\Debug\PhysThingTakeFour.vcxprojResolveAssemblyReference.cache
D:\Users\Justin\Documents\Visual Studio 2012\of_v0.8.2_vs_release\apps\myApps\PhysThingTakeFour\obj\Debug\Circle.obj
D:\Users\Justin\Documents\Visual Studio 2012\of_v0.8.2_vs_release\apps\myApps\PhysThingTakeFour\obj\Debug\Gui.obj
D:\Users\Justin\Documents\Visual Studio 2012\of_v0.8.2_vs_release\apps\myApps\PhysThingTakeFour\obj\Debug\main.obj
D:\Users\Justin\Documents\Visual Studio 2012\of_v0.8.2_vs_release\apps\myApps\PhysThingTakeFour\obj\Debug\ofxBaseGui.obj
D:\Users\Justin\Documents\Visual Studio 2012\of_v0.8.2_vs_release\apps\myApps\PhysThingTakeFour\obj\Debug\ofxButton.obj
D:\Users\Justin\Documents\Visual Studio 2012\of_v0.8.2_vs_release\apps\myApps\PhysThingTakeFour\obj\Debug\ofxGuiGroup.obj
D:\Users\Justin\Documents\Visual Studio 2012\of_v0.8.2_vs_release\apps\myApps\PhysThingTakeFour\obj\Debug\ofxLabel.obj
D:\Users\Justin\Documents\Visual Studio 2012\of_v0.8.2_vs_release\apps\myApps\PhysThingTakeFour\obj\Debug\ofxPanel.obj
D:\Users\Justin\Documents\Visual Studio 2012\of_v0.8.2_vs_release\apps\myApps\PhysThingTakeFour\obj\Debug\ofxSlider.obj
D:\Users\Justin\Documents\Visual Studio 2012\of_v0.8.2_vs_release\apps\myApps\PhysThingTakeFour\obj\Debug\ofxSliderGroup.obj
D:\Users\Justin\Documents\Visual Studio 2012\of_v0.8.2_vs_release\apps\myApps\PhysThingTakeFour\obj\Debug\ofxToggle.obj
D:\Users\Justin\Documents\Visual Studio 2012\of_v0.8.2_vs_release\apps\myApps\PhysThingTakeFour\obj\Debug\ParticleManager.obj
D:\Users\Justin\Documents\Visual Studio 2012\of_v0.8.2_vs_release\apps\myApps\PhysThingTakeFour\obj\Debug\PhysObject.obj
D:\Users\Justin\Documents\Visual Studio 2012\of_v0.8.2_vs_release\apps\myApps\PhysThingTakeFour\obj\Debug\testApp.obj
D:\Users\Justin\Documents\Visual Studio 2012\of_v0.8.2_vs_release\apps\myApps\PhysThingTakeFour\obj\Debug\cl.command.1.tlog
D:\Users\Justin\Documents\Visual Studio 2012\of_v0.8.2_vs_release\apps\myApps\PhysThingTakeFour\obj\Debug\CL.read.1.tlog
D:\Users\Justin\Documents\Visual Studio 2012\of_v0.8.2_vs_release\apps\myApps\PhysThingTakeFour\obj\Debug\CL.write.1.tlog
D:\Users\Justin\Documents\Visual Studio 2012\of_v0.8.2_vs_release\apps\myApps\PhysThingTakeFour\obj\Debug\link-cvtres.read.1.tlog
D:\Users\Justin\Documents\Visual Studio 2012\of_v0.8.2_vs_release\apps\myApps\PhysThingTakeFour\obj\Debug\link-cvtres.write.1.tlog
D:\Users\Justin\Documents\Visual Studio 2012\of_v0.8.2_vs_release\apps\myApps\PhysThingTakeFour\obj\Debug\link-rc.read.1.tlog
D:\Users\Justin\Documents\Visual Studio 2012\of_v0.8.2_vs_release\apps\myApps\PhysThingTakeFour\obj\Debug\link-rc.write.1.tlog
D:\Users\Justin\Documents\Visual Studio 2012\of_v0.8.2_vs_release\apps\myApps\PhysThingTakeFour\obj\Debug\link.command.1.tlog
D:\Users\Justin\Documents\Visual Studio 2012\of_v0.8.2_vs_release\apps\myApps\PhysThingTakeFour\obj\Debug\link.read.1.tlog
D:\Users\Justin\Documents\Visual Studio 2012\of_v0.8.2_vs_release\apps\myApps\PhysThingTakeFour\obj\Debug\link.write.1.tlog
D:\Users\Justin\Documents\Visual Studio 2012\of_v0.8.2_vs_release\apps\myApps\PhysThingTakeFour\obj\Debug\PhysThingTakeFour.write.1.tlog
D:\Users\Justin\Documents\Visual Studio 2012\of_v0.8.2_vs_release\apps\myApps\PhysThingTakeFour\obj\Debug\rc.command.1.tlog
D:\Users\Justin\Documents\Visual Studio 2012\of_v0.8.2_vs_release\apps\myApps\PhysThingTakeFour\obj\Debug\rc.read.1.tlog
D:\Users\Justin\Documents\Visual Studio 2012\of_v0.8.2_vs_release\apps\myApps\PhysThingTakeFour\obj\Debug\rc.write.1.tlog
D:\Users\Justin\Documents\Visual Studio 2012\of_v0.8.2_vs_release\apps\myApps\PhysThingTakeFour\obj\Debug\icon.res
D:\Users\Justin\Documents\Visual Studio 2012\of_v0.8.2_vs_release\apps\myApps\PhysThingTakeFour\obj\Debug\vc110.idb
D:\Users\Justin\Documents\Visual Studio 2012\of_v0.8.2_vs_release\apps\myApps\PhysThingTakeFour\obj\Debug\vc120.idb
D:\Users\Justin\Documents\Visual Studio 2012\of_v0.8.2_vs_release\apps\myApps\PhysThingTakeFour\obj\Debug\vc110.pdb
D:\Users\Justin\Documents\Visual Studio 2012\of_v0.8.2_vs_release\apps\myApps\PhysThingTakeFour\obj\Debug\vc120.pdb
D:\Users\Justin\Documents\Visual Studio 2012\of_v0.8.2_vs_release\apps\myApps\PhysThingTakeFour\bin\PhysThingTakeFour_debug.exe
